  ProyectoFinalCG.cpp
C:\Users\Usuario\Desktop\OctavoSemestre\ComputacionGrafica\ThousandSunnyOpenGL\include\SpotLight.h(33,1): warning C4305: '=': truncamiento de 'double' a 'float'
C:\Users\Usuario\Desktop\OctavoSemestre\ComputacionGrafica\ThousandSunnyOpenGL\include\SpotLight.h(34,1): warning C4305: '=': truncamiento de 'double' a 'float'
C:\Users\Usuario\Desktop\OctavoSemestre\ComputacionGrafica\ThousandSunnyOpenGL\include\PointLight.h(29,1): warning C4305: '=': truncamiento de 'double' a 'float'
C:\Users\Usuario\Desktop\OctavoSemestre\ComputacionGrafica\ThousandSunnyOpenGL\include\PointLight.h(30,1): warning C4305: '=': truncamiento de 'double' a 'float'
C:\Users\Usuario\Desktop\OctavoSemestre\ComputacionGrafica\ThousandSunnyOpenGL\ProyectoFinalCG\ProyectoFinalCG.cpp(208,12): warning C4305: 'return': truncamiento de 'int' a 'bool'
C:\Users\Usuario\Desktop\OctavoSemestre\ComputacionGrafica\ThousandSunnyOpenGL\ProyectoFinalCG\ProyectoFinalCG.cpp(225,12): warning C4305: 'return': truncamiento de 'int' a 'bool'
C:\Users\Usuario\Desktop\OctavoSemestre\ComputacionGrafica\ThousandSunnyOpenGL\ProyectoFinalCG\ProyectoFinalCG.cpp(232,12): warning C4305: '=': truncamiento de 'double' a 'GLfloat'
C:\Users\Usuario\Desktop\OctavoSemestre\ComputacionGrafica\ThousandSunnyOpenGL\ProyectoFinalCG\ProyectoFinalCG.cpp(233,12): warning C4305: '=': truncamiento de 'double' a 'GLfloat'
C:\Users\Usuario\Desktop\OctavoSemestre\ComputacionGrafica\ThousandSunnyOpenGL\ProyectoFinalCG\ProyectoFinalCG.cpp(1216,33): warning C4305: 'argumento': truncamiento de 'double' a 'float'
glad.lib(glad.obj) : warning LNK4099: no se encontró PDB 'glad.pdb' con 'glad.lib(glad.obj)' o en 'C:\Users\Usuario\Desktop\OctavoSemestre\ComputacionGrafica\ThousandSunnyOpenGL\bin\glad.pdb'; se vinculará el objeto sin tener en cuenta información de depuración
glfw3.lib(context.obj) : warning LNK4099: no se encontró PDB 'glfw.pdb' con 'glfw3.lib(context.obj)' o en 'C:\Users\Usuario\Desktop\OctavoSemestre\ComputacionGrafica\ThousandSunnyOpenGL\bin\glfw.pdb'; se vinculará el objeto sin tener en cuenta información de depuración
glfw3.lib(init.obj) : warning LNK4099: no se encontró PDB 'glfw.pdb' con 'glfw3.lib(init.obj)' o en 'C:\Users\Usuario\Desktop\OctavoSemestre\ComputacionGrafica\ThousandSunnyOpenGL\bin\glfw.pdb'; se vinculará el objeto sin tener en cuenta información de depuración
glfw3.lib(input.obj) : warning LNK4099: no se encontró PDB 'glfw.pdb' con 'glfw3.lib(input.obj)' o en 'C:\Users\Usuario\Desktop\OctavoSemestre\ComputacionGrafica\ThousandSunnyOpenGL\bin\glfw.pdb'; se vinculará el objeto sin tener en cuenta información de depuración
glfw3.lib(monitor.obj) : warning LNK4099: no se encontró PDB 'glfw.pdb' con 'glfw3.lib(monitor.obj)' o en 'C:\Users\Usuario\Desktop\OctavoSemestre\ComputacionGrafica\ThousandSunnyOpenGL\bin\glfw.pdb'; se vinculará el objeto sin tener en cuenta información de depuración
glfw3.lib(vulkan.obj) : warning LNK4099: no se encontró PDB 'glfw.pdb' con 'glfw3.lib(vulkan.obj)' o en 'C:\Users\Usuario\Desktop\OctavoSemestre\ComputacionGrafica\ThousandSunnyOpenGL\bin\glfw.pdb'; se vinculará el objeto sin tener en cuenta información de depuración
glfw3.lib(window.obj) : warning LNK4099: no se encontró PDB 'glfw.pdb' con 'glfw3.lib(window.obj)' o en 'C:\Users\Usuario\Desktop\OctavoSemestre\ComputacionGrafica\ThousandSunnyOpenGL\bin\glfw.pdb'; se vinculará el objeto sin tener en cuenta información de depuración
glfw3.lib(win32_init.obj) : warning LNK4099: no se encontró PDB 'glfw.pdb' con 'glfw3.lib(win32_init.obj)' o en 'C:\Users\Usuario\Desktop\OctavoSemestre\ComputacionGrafica\ThousandSunnyOpenGL\bin\glfw.pdb'; se vinculará el objeto sin tener en cuenta información de depuración
glfw3.lib(win32_joystick.obj) : warning LNK4099: no se encontró PDB 'glfw.pdb' con 'glfw3.lib(win32_joystick.obj)' o en 'C:\Users\Usuario\Desktop\OctavoSemestre\ComputacionGrafica\ThousandSunnyOpenGL\bin\glfw.pdb'; se vinculará el objeto sin tener en cuenta información de depuración
glfw3.lib(win32_monitor.obj) : warning LNK4099: no se encontró PDB 'glfw.pdb' con 'glfw3.lib(win32_monitor.obj)' o en 'C:\Users\Usuario\Desktop\OctavoSemestre\ComputacionGrafica\ThousandSunnyOpenGL\bin\glfw.pdb'; se vinculará el objeto sin tener en cuenta información de depuración
glfw3.lib(win32_time.obj) : warning LNK4099: no se encontró PDB 'glfw.pdb' con 'glfw3.lib(win32_time.obj)' o en 'C:\Users\Usuario\Desktop\OctavoSemestre\ComputacionGrafica\ThousandSunnyOpenGL\bin\glfw.pdb'; se vinculará el objeto sin tener en cuenta información de depuración
glfw3.lib(win32_thread.obj) : warning LNK4099: no se encontró PDB 'glfw.pdb' con 'glfw3.lib(win32_thread.obj)' o en 'C:\Users\Usuario\Desktop\OctavoSemestre\ComputacionGrafica\ThousandSunnyOpenGL\bin\glfw.pdb'; se vinculará el objeto sin tener en cuenta información de depuración
glfw3.lib(win32_window.obj) : warning LNK4099: no se encontró PDB 'glfw.pdb' con 'glfw3.lib(win32_window.obj)' o en 'C:\Users\Usuario\Desktop\OctavoSemestre\ComputacionGrafica\ThousandSunnyOpenGL\bin\glfw.pdb'; se vinculará el objeto sin tener en cuenta información de depuración
glfw3.lib(wgl_context.obj) : warning LNK4099: no se encontró PDB 'glfw.pdb' con 'glfw3.lib(wgl_context.obj)' o en 'C:\Users\Usuario\Desktop\OctavoSemestre\ComputacionGrafica\ThousandSunnyOpenGL\bin\glfw.pdb'; se vinculará el objeto sin tener en cuenta información de depuración
glfw3.lib(egl_context.obj) : warning LNK4099: no se encontró PDB 'glfw.pdb' con 'glfw3.lib(egl_context.obj)' o en 'C:\Users\Usuario\Desktop\OctavoSemestre\ComputacionGrafica\ThousandSunnyOpenGL\bin\glfw.pdb'; se vinculará el objeto sin tener en cuenta información de depuración
glfw3.lib(osmesa_context.obj) : warning LNK4099: no se encontró PDB 'glfw.pdb' con 'glfw3.lib(osmesa_context.obj)' o en 'C:\Users\Usuario\Desktop\OctavoSemestre\ComputacionGrafica\ThousandSunnyOpenGL\bin\glfw.pdb'; se vinculará el objeto sin tener en cuenta información de depuración
  ProyectoFinalCG.vcxproj -> C:\Users\Usuario\Desktop\OctavoSemestre\ComputacionGrafica\ThousandSunnyOpenGL\bin\ProyectoFinalCG.exe
